<?xml version="1.0" encoding="UTF-8"?>
<!-- Generated by org.testng.reporters.JUnitReportReporter -->
<testsuite name="testcase.TC_001" tests="1" time="36.657" ignored="0" failures="0" timestamp="09 Aug 2017 20:20:40 GMT" skipped="0" hostname="user-PC" errors="0">
  <testcase name="testCase1" time="36.657" classname="testcase.TC_001"/>
</testsuite> <!-- testcase.TC_001 -->
